2019-02-12 16:46:31 /x00158589_house/bedroom3/PIR ON
2019-02-12 16:46:52 /x00158589_house/bedroom3/PIR OFF
2019-02-12 16:47:10 /x00158589_house/bedroom3/Alarm DEACTIVATE
2019-02-12 16:47:10 /x00158589_house/bedroom3/Alarm OFF
2019-02-12 16:47:48 /x00158589_house/bedroom3/PIR ON
2019-02-12 16:47:52 /x00158589_house/bedroom3/Alarm DEACTIVATE
2019-02-12 16:47:52 /x00158589_house/bedroom3/Alarm OFF
2019-02-12 16:53:10 /x00158589_house/bedroom1/PIR INITIATE
2019-02-12 16:53:10 /x00158589_house/bedroom2/PIR INITIATE
2019-02-12 16:53:10 /x00158589_house/sitting_room/PIR INITIATE
2019-02-12 16:53:10 /x00158589_house/kitchen/PIR INITIATE
2019-02-12 16:53:34 /x00158589_house/bedroom3/PIR ON
2019-02-12 16:54:16 /x00158589_house/bedroom3/PIR INITIATE
2019-02-12 16:54:29 /x00158589_house/bedroom3/PIR ON
2019-02-12 16:55:42 /x00158589_house/bedroom1/PIR INITIATE
2019-02-12 16:55:42 /x00158589_house/bedroom2/PIR INITIATE
2019-02-12 16:55:42 /x00158589_house/sitting_room/PIR INITIATE
2019-02-12 16:55:42 /x00158589_house/kitchen/PIR INITIATE
2019-02-12 16:55:50 /x00158589_house/bedroom2/PIR ON
2019-02-12 16:56:27 /x00158589_house/bedroom1/PIR ON
2019-02-12 16:56:42 /x00158589_house/bedroom3/PIR INITIATE
2019-02-12 16:57:00 /x00158589_house/bedroom3/PIR ON
2019-02-12 16:58:18 /x00158589_house/bedroom3/PIR OFF
2019-02-12 16:58:25 /x00158589_house/bedroom3/PIR ON
2019-02-12 17:04:00 /x00158589_house/bedroom3/PIR OFF
2019-02-12 17:04:18 /x00158589_house/bedroom3/Alarm DEACTIVATE
2019-02-12 17:04:18 /x00158589_house/bedroom3/Alarm OFF
2019-02-12 17:04:33 /x00158589_house/bedroom1/PIR OFF
2019-02-12 17:04:38 /x00158589_house/bedroom2/PIR OFF
2019-02-12 17:04:48 /x00158589_house/bedroom1/Alarm DEACTIVATE
2019-02-12 17:04:48 /x00158589_house/bedroom1/Alarm OFF
2019-02-12 17:04:53 /x00158589_house/bedroom21/Alarm DEACTIVATE
2019-02-12 17:04:53 /x00158589_house/bedroom21/Alarm OFF
2019-02-12 17:05:00 /x00158589_house/bedroom2/Alarm DEACTIVATE
2019-02-12 17:05:00 /x00158589_house/bedroom2/Alarm OFF
2019-02-12 17:56:41 /x00158589_house/bedroom1/PIR INITIATE
2019-02-12 17:56:41 /x00158589_house/bedroom2/PIR INITIATE
2019-02-12 17:56:41 /x00158589_house/sitting_room/PIR INITIATE
2019-02-12 17:56:41 /x00158589_house/kitchen/PIR INITIATE
2019-02-12 17:57:36 /x00158589_house/bedroom1/PIR INITIATE
2019-02-12 17:57:36 /x00158589_house/bedroom2/PIR INITIATE
2019-02-12 17:57:36 /x00158589_house/sitting_room/PIR INITIATE
2019-02-12 17:57:36 /x00158589_house/kitchen/PIR INITIATE
2019-02-12 17:57:56 /x00158589_house/bedroom1/PIR INITIATE
2019-02-12 17:57:56 /x00158589_house/bedroom2/PIR INITIATE
2019-02-12 17:57:56 /x00158589_house/sitting_room/PIR INITIATE
2019-02-12 17:57:56 /x00158589_house/kitchen/PIR INITIATE
2019-02-12 17:58:21 /x00158589_house/bedroom1/PIR ON
2019-02-12 17:58:21 /x00158589_house/bedroom1/Alarm ACTIVATE
2019-02-12 17:58:21 /x00158589_house/bedroom1/Alarm ON
